make all --print-data-base --no-builtin-variables --no-builtin-rules --question
# GNU Make 3.81
# Copyright (C) 2006  Free Software Foundation, Inc.
# This is free software; see the source for copying conditions.
# There is NO warranty; not even for MERCHANTABILITY or FITNESS FOR A
# PARTICULAR PURPOSE.

# This program built for i386-apple-darwin11.3.0
 

# Make data base, printed on Wed Jul 27 22:15:32 2022

# Variables

# automatic
<D = $(patsubst %/,%,$(dir $<))
# automatic
?F = $(notdir $?)
# environment
VSCODE_LOG_NATIVE = false
# automatic
?D = $(patsubst %/,%,$(dir $?))
# automatic
@D = $(patsubst %/,%,$(dir $@))
# automatic
@F = $(notdir $@)
# makefile
CURDIR := /Users/natsu/Documents/ProgrammingProject/py-img-editor
# makefile
SHELL = /bin/sh
# environment
VSCODE_NLS_CONFIG = {"locale":"en-us","availableLanguages":{},"_languagePackSupport":true}
# environment
_ = /usr/bin/make
# makefile (from `Makefile', line 1)
MAKEFILE_LIST :=  Makefile
# environment
VSCODE_VERBOSE_LOGGING = true
# environment
__CFBundleIdentifier = com.microsoft.VSCode
# environment
VSCODE_IPC_HOOK_EXTHOST = /var/folders/hj/f03zql954sq9hzf9yjvkq22m0000gn/T/vscode-ipc-d0756401-de6f-4975-a163-c2d219c06fe3.sock
# environment
VSCODE_CWD = /
# environment
PATH = /Library/Frameworks/Python.framework/Versions/3.10/bin:/usr/local/bin:/usr/bin:/bin:/usr/sbin:/sbin:/usr/local/share/dotnet:~/.dotnet/tools:/Library/Frameworks/Mono.framework/Versions/Current/Commands
# environment
LaunchInstanceID = 8F46FE25-5751-440C-BF61-5AAE84BD6E66
# environment
VSCODE_LOG_STACK = false
# environment
ELECTRON_RUN_AS_NODE = 1
# default
.FEATURES := target-specific order-only second-expansion else-if archives jobserver check-symlink
# environment
SSH_AUTH_SOCK = /private/tmp/com.apple.launchd.ooi3MLK9i7/Listeners
# automatic
%F = $(notdir $%)
# environment
VSCODE_PIPE_LOGGING = true
# environment
PWD = /Users/natsu/Documents/ProgrammingProject/py-img-editor
# environment
ORIGINAL_XDG_CURRENT_DESKTOP = undefined
# environment
VSCODE_AMD_ENTRYPOINT = vs/workbench/api/node/extensionHostProcess
# environment
HOME = /Users/natsu
# default
MAKEFILEPATH = $(shell /usr/bin/xcode-select -print-path 2>/dev/null || echo /Developer)/Makefiles
# environment
VSCODE_CODE_CACHE_PATH = /Users/natsu/Library/Application Support/Code/CachedData/30d9c6cd9483b2cc586687151bcbcd635f373630
# environment
LOGNAME = natsu
# environment
APPLICATION_INSIGHTS_NO_DIAGNOSTIC_CHANNEL = 1
# environment
VSCODE_HANDLES_UNCAUGHT_ERRORS = true
# automatic
^D = $(patsubst %/,%,$(dir $^))
# environment
XPC_FLAGS = 0x0
# default
MAKE = $(MAKE_COMMAND)
# default
MAKECMDGOALS := all
# environment
SHLVL = 1
# default
MAKE_VERSION := 3.81
# environment
USER = natsu
# makefile
.DEFAULT_GOAL := all
# automatic
%D = $(patsubst %/,%,$(dir $%))
# default
MAKE_COMMAND := /Library/Developer/CommandLineTools/usr/bin/make
# default
.VARIABLES := 
# environment
TMPDIR = /var/folders/hj/f03zql954sq9hzf9yjvkq22m0000gn/T/
# automatic
*F = $(notdir $*)
# environment
VSCODE_IPC_HOOK = /Users/natsu/Library/Application Support/Code/1.68.1-main.sock
# makefile
MAKEFLAGS = Rrqp
# environment
MFLAGS = -Rrqp
# automatic
*D = $(patsubst %/,%,$(dir $*))
# environment
XPC_SERVICE_NAME = application.com.microsoft.VSCode.41879713.41879719
# automatic
+D = $(patsubst %/,%,$(dir $+))
# automatic
+F = $(notdir $+)
# environment
__CF_USER_TEXT_ENCODING = 0x1F5:0x0:0x0
# environment
COMMAND_MODE = unix2003
# default
MAKEFILES := 
# automatic
<F = $(notdir $<)
# environment
LC_ALL = C
# environment
SECURITYSESSIONID = 186ad
# automatic
^F = $(notdir $^)
# default
SUFFIXES := 
# default
.INCLUDE_DIRS = /usr/local/include
# environment
MAKELEVEL := 0
# environment
LANG = C
# environment
VSCODE_PID = 2495
# variable set hash-table stats:
# Load=64/1024=6%, Rehash=0, Collisions=1/90=1%

# Pattern-specific Variable Values

# No pattern-specific variable values.

# Directories

# . (device 16777233, inode 41704622): 24 files, no impossibilities.

# 24 files, no impossibilities in 1 directories.

# Implicit Rules

# No implicit rules.

# Files

all:
#  Command-line target.
#  Implicit rule search has not been done.
#  Implicit/static pattern stem: `'
#  File does not exist.
#  File has been updated.
#  Needs to be updated (-q is set).
# automatic
# @ := all
# automatic
# % := 
# automatic
# * := 
# automatic
# + := 
# automatic
# | := 
# automatic
# < := 
# automatic
# ^ := 
# automatic
# ? := 
# variable set hash-table stats:
# Load=8/32=25%, Rehash=0, Collisions=1/10=10%
#  commands to execute (from `Makefile', line 2):
	echo "none"
	

# Not a target:
.SUFFIXES:
#  Implicit rule search has not been done.
#  Modification time never checked.
#  File has not been updated.

# Not a target:
Makefile:
#  Implicit rule search has been done.
#  Last modified 2022-07-26 17:22:56
#  File has been updated.
#  Successfully updated.
# variable set hash-table stats:
# Load=0/32=0%, Rehash=0, Collisions=0/0=0%

# Not a target:
.DEFAULT:
#  Implicit rule search has not been done.
#  Modification time never checked.
#  File has not been updated.

clean:
#  Implicit rule search has not been done.
#  Modification time never checked.
#  File has not been updated.
#  commands to execute (from `Makefile', line 4):
	rm -r ./out_images/*
	

move:
#  Implicit rule search has not been done.
#  Modification time never checked.
#  File has not been updated.
#  commands to execute (from `Makefile', line 6):
	# Move all png files to archive
	mv -i ./out_images/*.png ./arc_img_out/
	

redoMove:
#  Implicit rule search has not been done.
#  Modification time never checked.
#  File has not been updated.
#  commands to execute (from `Makefile', line 10):
	mv -i ./arc_img_out/*.png ./out_images
	

# files hash-table stats:
# Load=7/1024=1%, Rehash=0, Collisions=0/21=0%
# VPATH Search Paths

# No `vpath' search paths.

# No general (`VPATH' variable) search path.

# # of strings in strcache: 1
# # of strcache buffers: 1
# strcache size: total = 4096 / max = 4096 / min = 4096 / avg = 4096
# strcache free: total = 4087 / max = 4087 / min = 4087 / avg = 4087

# Finished Make data base on Wed Jul 27 22:15:32 2022

 
